<?xml version="1.0" encoding="UTF-8"?>
<testsuite name="romannumerals.RomanNumeralsKtTest" tests="5" skipped="0" failures="0" errors="0" timestamp="2022-10-14T15:39:49" hostname="LAPTOP-065IHCDR" time="0.045">
  <properties/>
  <testcase name="four_digits_composed()" classname="romannumerals.RomanNumeralsKtTest" time="0.039"/>
  <testcase name="basic()" classname="romannumerals.RomanNumeralsKtTest" time="0.001"/>
  <testcase name="one_digit_composed()" classname="romannumerals.RomanNumeralsKtTest" time="0.0"/>
  <testcase name="two_digits_composed()" classname="romannumerals.RomanNumeralsKtTest" time="0.001"/>
  <testcase name="three_digits_composed()" classname="romannumerals.RomanNumeralsKtTest" time="0.0"/>
  <system-out><![CDATA[]]></system-out>
  <system-err><![CDATA[]]></system-err>
</testsuite>
