<?xml version="1.0" encoding="UTF-8"?>
<testsuite name="romannumerals.RomanNumeralsKtTest" tests="6" skipped="1" failures="0" errors="0" timestamp="2022-10-14T15:04:45" hostname="LAPTOP-065IHCDR" time="0.044">
  <properties/>
  <testcase name="four_digits_composed()" classname="romannumerals.RomanNumeralsKtTest" time="0.035"/>
  <testcase name="basic()" classname="romannumerals.RomanNumeralsKtTest" time="0.001"/>
  <testcase name="one_digit_composed()" classname="romannumerals.RomanNumeralsKtTest" time="0.001"/>
  <testcase name="two_digits_composed()" classname="romannumerals.RomanNumeralsKtTest" time="0.001"/>
  <testcase name="not_valid()" classname="romannumerals.RomanNumeralsKtTest" time="0.0">
    <skipped/>
  </testcase>
  <testcase name="three_digits_composed()" classname="romannumerals.RomanNumeralsKtTest" time="0.001"/>
  <system-out><![CDATA[]]></system-out>
  <system-err><![CDATA[]]></system-err>
</testsuite>
